2025-04-11 00:01:45 info: Server running in development mode on port 5000
2025-04-11 00:02:11 info: Server running in development mode on port 5000
2025-04-11 00:02:27 info: User settings updated - 67f82f4367f5e581cd653a83
2025-04-11 00:03:01 info: User settings updated - 67f82f4367f5e581cd653a83
2025-04-11 00:05:05 info: User log in - 67f1604e3f97b5846f57f692
2025-04-11 00:08:22 error: GET /api/v1/auth/me: Not authorized to access this route : errrTokenExpiredError: jwt expired
Error: Not authorized to access this route : errrTokenExpiredError: jwt expired
    at /home/ian-otieno-ochieng/Desktop/work/full-stack-react-node/apps/backend/src/middleware/auth.ts:47:9
    at /home/ian-otieno-ochieng/Desktop/work/full-stack-react-node/apps/backend/src/middleware/async.ts:8:21
    at Layer.handle [as handle_request] (/home/ian-otieno-ochieng/Desktop/work/full-stack-react-node/node_modules/express/lib/router/layer.js:95:5)
    at trim_prefix (/home/ian-otieno-ochieng/Desktop/work/full-stack-react-node/node_modules/express/lib/router/index.js:328:13)
    at /home/ian-otieno-ochieng/Desktop/work/full-stack-react-node/node_modules/express/lib/router/index.js:286:9
    at Function.process_params (/home/ian-otieno-ochieng/Desktop/work/full-stack-react-node/node_modules/express/lib/router/index.js:346:12)
    at next (/home/ian-otieno-ochieng/Desktop/work/full-stack-react-node/node_modules/express/lib/router/index.js:280:10)
    at Function.handle (/home/ian-otieno-ochieng/Desktop/work/full-stack-react-node/node_modules/express/lib/router/index.js:175:3)
    at router (/home/ian-otieno-ochieng/Desktop/work/full-stack-react-node/node_modules/express/lib/router/index.js:47:12)
    at Layer.handle [as handle_request] (/home/ian-otieno-ochieng/Desktop/work/full-stack-react-node/node_modules/express/lib/router/layer.js:95:5)
2025-04-11 00:08:22 error: GET /api/v1/auth/me: Not authorized to access this route : errrTokenExpiredError: jwt expired
Error: Not authorized to access this route : errrTokenExpiredError: jwt expired
    at /home/ian-otieno-ochieng/Desktop/work/full-stack-react-node/apps/backend/src/middleware/auth.ts:47:9
    at /home/ian-otieno-ochieng/Desktop/work/full-stack-react-node/apps/backend/src/middleware/async.ts:8:21
    at Layer.handle [as handle_request] (/home/ian-otieno-ochieng/Desktop/work/full-stack-react-node/node_modules/express/lib/router/layer.js:95:5)
    at trim_prefix (/home/ian-otieno-ochieng/Desktop/work/full-stack-react-node/node_modules/express/lib/router/index.js:328:13)
    at /home/ian-otieno-ochieng/Desktop/work/full-stack-react-node/node_modules/express/lib/router/index.js:286:9
    at Function.process_params (/home/ian-otieno-ochieng/Desktop/work/full-stack-react-node/node_modules/express/lib/router/index.js:346:12)
    at next (/home/ian-otieno-ochieng/Desktop/work/full-stack-react-node/node_modules/express/lib/router/index.js:280:10)
    at Function.handle (/home/ian-otieno-ochieng/Desktop/work/full-stack-react-node/node_modules/express/lib/router/index.js:175:3)
    at router (/home/ian-otieno-ochieng/Desktop/work/full-stack-react-node/node_modules/express/lib/router/index.js:47:12)
    at Layer.handle [as handle_request] (/home/ian-otieno-ochieng/Desktop/work/full-stack-react-node/node_modules/express/lib/router/layer.js:95:5)
2025-04-11 00:08:22 error: GET /api/v1/auth/me: Not authorized to access this route : errrTokenExpiredError: jwt expired
Error: Not authorized to access this route : errrTokenExpiredError: jwt expired
    at /home/ian-otieno-ochieng/Desktop/work/full-stack-react-node/apps/backend/src/middleware/auth.ts:47:9
    at /home/ian-otieno-ochieng/Desktop/work/full-stack-react-node/apps/backend/src/middleware/async.ts:8:21
    at Layer.handle [as handle_request] (/home/ian-otieno-ochieng/Desktop/work/full-stack-react-node/node_modules/express/lib/router/layer.js:95:5)
    at trim_prefix (/home/ian-otieno-ochieng/Desktop/work/full-stack-react-node/node_modules/express/lib/router/index.js:328:13)
    at /home/ian-otieno-ochieng/Desktop/work/full-stack-react-node/node_modules/express/lib/router/index.js:286:9
    at Function.process_params (/home/ian-otieno-ochieng/Desktop/work/full-stack-react-node/node_modules/express/lib/router/index.js:346:12)
    at next (/home/ian-otieno-ochieng/Desktop/work/full-stack-react-node/node_modules/express/lib/router/index.js:280:10)
    at Function.handle (/home/ian-otieno-ochieng/Desktop/work/full-stack-react-node/node_modules/express/lib/router/index.js:175:3)
    at router (/home/ian-otieno-ochieng/Desktop/work/full-stack-react-node/node_modules/express/lib/router/index.js:47:12)
    at Layer.handle [as handle_request] (/home/ian-otieno-ochieng/Desktop/work/full-stack-react-node/node_modules/express/lib/router/layer.js:95:5)
2025-04-11 00:09:24 info: User created - 67f83384ad8b4f659d6fbc52
2025-04-11 18:15:36 info: Server running in development mode on port 5000
2025-04-11 18:16:10 info: User log in - 67f1604e3f97b5846f57f692
2025-04-11 18:19:10 info: Business card created: 67f932ee55c8cf1a56b63957 by user 67f1604e3f97b5846f57f692
2025-04-11 18:19:32 error: GET /api/v1/settings/me: Setting not found for user 67f1604e3f97b5846f57f692
Error: Setting not found for user 67f1604e3f97b5846f57f692
    at /home/ian-otieno-ochieng/Desktop/work/full-stack-react-node/apps/backend/src/controllers/settings.ts:57:9
    at processTicksAndRejections (node:internal/process/task_queues:105:5)
2025-04-11 18:19:33 error: GET /api/v1/settings/me: Setting not found for user 67f1604e3f97b5846f57f692
Error: Setting not found for user 67f1604e3f97b5846f57f692
    at /home/ian-otieno-ochieng/Desktop/work/full-stack-react-node/apps/backend/src/controllers/settings.ts:57:9
    at processTicksAndRejections (node:internal/process/task_queues:105:5)
2025-04-11 18:20:14 info: User log in - 67f1604e3f97b5846f57f692
2025-04-11 18:21:35 info: Server running in development mode on port 5000
2025-04-11 18:22:24 info: Server running in development mode on port 5000
2025-04-11 19:05:15 info: User settings updated - 67f1604e3f97b5846f57f692
2025-04-11 19:08:05 info: User settings updated - 67f1604e3f97b5846f57f692
2025-04-11 19:10:49 info: User settings updated - 67f1604e3f97b5846f57f692
2025-04-11 19:12:26 info: User settings updated - 67f1604e3f97b5846f57f692
2025-04-11 19:13:39 info: User settings updated - 67f1604e3f97b5846f57f692
2025-04-11 19:14:55 info: User settings updated - 67f1604e3f97b5846f57f692
2025-04-11 19:19:14 error: GET /api/v1/settings/me: Not authorized to access this route : errrTokenExpiredError: jwt expired
Error: Not authorized to access this route : errrTokenExpiredError: jwt expired
    at /home/ian-otieno-ochieng/Desktop/work/full-stack-react-node/apps/backend/src/middleware/auth.ts:47:9
    at /home/ian-otieno-ochieng/Desktop/work/full-stack-react-node/apps/backend/src/middleware/async.ts:8:21
    at Layer.handle [as handle_request] (/home/ian-otieno-ochieng/Desktop/work/full-stack-react-node/node_modules/express/lib/router/layer.js:95:5)
    at trim_prefix (/home/ian-otieno-ochieng/Desktop/work/full-stack-react-node/node_modules/express/lib/router/index.js:328:13)
    at /home/ian-otieno-ochieng/Desktop/work/full-stack-react-node/node_modules/express/lib/router/index.js:286:9
    at Function.process_params (/home/ian-otieno-ochieng/Desktop/work/full-stack-react-node/node_modules/express/lib/router/index.js:346:12)
    at next (/home/ian-otieno-ochieng/Desktop/work/full-stack-react-node/node_modules/express/lib/router/index.js:280:10)
    at Function.handle (/home/ian-otieno-ochieng/Desktop/work/full-stack-react-node/node_modules/express/lib/router/index.js:175:3)
    at router (/home/ian-otieno-ochieng/Desktop/work/full-stack-react-node/node_modules/express/lib/router/index.js:47:12)
    at Layer.handle [as handle_request] (/home/ian-otieno-ochieng/Desktop/work/full-stack-react-node/node_modules/express/lib/router/layer.js:95:5)
2025-04-11 19:19:14 error: GET /api/v1/auth/me: Not authorized to access this route : errrTokenExpiredError: jwt expired
Error: Not authorized to access this route : errrTokenExpiredError: jwt expired
    at /home/ian-otieno-ochieng/Desktop/work/full-stack-react-node/apps/backend/src/middleware/auth.ts:47:9
    at /home/ian-otieno-ochieng/Desktop/work/full-stack-react-node/apps/backend/src/middleware/async.ts:8:21
    at Layer.handle [as handle_request] (/home/ian-otieno-ochieng/Desktop/work/full-stack-react-node/node_modules/express/lib/router/layer.js:95:5)
    at trim_prefix (/home/ian-otieno-ochieng/Desktop/work/full-stack-react-node/node_modules/express/lib/router/index.js:328:13)
    at /home/ian-otieno-ochieng/Desktop/work/full-stack-react-node/node_modules/express/lib/router/index.js:286:9
    at Function.process_params (/home/ian-otieno-ochieng/Desktop/work/full-stack-react-node/node_modules/express/lib/router/index.js:346:12)
    at next (/home/ian-otieno-ochieng/Desktop/work/full-stack-react-node/node_modules/express/lib/router/index.js:280:10)
    at Function.handle (/home/ian-otieno-ochieng/Desktop/work/full-stack-react-node/node_modules/express/lib/router/index.js:175:3)
    at router (/home/ian-otieno-ochieng/Desktop/work/full-stack-react-node/node_modules/express/lib/router/index.js:47:12)
    at Layer.handle [as handle_request] (/home/ian-otieno-ochieng/Desktop/work/full-stack-react-node/node_modules/express/lib/router/layer.js:95:5)
2025-04-11 19:19:14 error: GET /api/v1/settings/me: Not authorized to access this route : errrTokenExpiredError: jwt expired
Error: Not authorized to access this route : errrTokenExpiredError: jwt expired
    at /home/ian-otieno-ochieng/Desktop/work/full-stack-react-node/apps/backend/src/middleware/auth.ts:47:9
    at /home/ian-otieno-ochieng/Desktop/work/full-stack-react-node/apps/backend/src/middleware/async.ts:8:21
    at Layer.handle [as handle_request] (/home/ian-otieno-ochieng/Desktop/work/full-stack-react-node/node_modules/express/lib/router/layer.js:95:5)
    at trim_prefix (/home/ian-otieno-ochieng/Desktop/work/full-stack-react-node/node_modules/express/lib/router/index.js:328:13)
    at /home/ian-otieno-ochieng/Desktop/work/full-stack-react-node/node_modules/express/lib/router/index.js:286:9
    at Function.process_params (/home/ian-otieno-ochieng/Desktop/work/full-stack-react-node/node_modules/express/lib/router/index.js:346:12)
    at next (/home/ian-otieno-ochieng/Desktop/work/full-stack-react-node/node_modules/express/lib/router/index.js:280:10)
    at Function.handle (/home/ian-otieno-ochieng/Desktop/work/full-stack-react-node/node_modules/express/lib/router/index.js:175:3)
    at router (/home/ian-otieno-ochieng/Desktop/work/full-stack-react-node/node_modules/express/lib/router/index.js:47:12)
    at Layer.handle [as handle_request] (/home/ian-otieno-ochieng/Desktop/work/full-stack-react-node/node_modules/express/lib/router/layer.js:95:5)
2025-04-11 19:19:14 error: GET /api/v1/auth/me: Not authorized to access this route : errrTokenExpiredError: jwt expired
Error: Not authorized to access this route : errrTokenExpiredError: jwt expired
    at /home/ian-otieno-ochieng/Desktop/work/full-stack-react-node/apps/backend/src/middleware/auth.ts:47:9
    at /home/ian-otieno-ochieng/Desktop/work/full-stack-react-node/apps/backend/src/middleware/async.ts:8:21
    at Layer.handle [as handle_request] (/home/ian-otieno-ochieng/Desktop/work/full-stack-react-node/node_modules/express/lib/router/layer.js:95:5)
    at trim_prefix (/home/ian-otieno-ochieng/Desktop/work/full-stack-react-node/node_modules/express/lib/router/index.js:328:13)
    at /home/ian-otieno-ochieng/Desktop/work/full-stack-react-node/node_modules/express/lib/router/index.js:286:9
    at Function.process_params (/home/ian-otieno-ochieng/Desktop/work/full-stack-react-node/node_modules/express/lib/router/index.js:346:12)
    at next (/home/ian-otieno-ochieng/Desktop/work/full-stack-react-node/node_modules/express/lib/router/index.js:280:10)
    at Function.handle (/home/ian-otieno-ochieng/Desktop/work/full-stack-react-node/node_modules/express/lib/router/index.js:175:3)
    at router (/home/ian-otieno-ochieng/Desktop/work/full-stack-react-node/node_modules/express/lib/router/index.js:47:12)
    at Layer.handle [as handle_request] (/home/ian-otieno-ochieng/Desktop/work/full-stack-react-node/node_modules/express/lib/router/layer.js:95:5)
2025-04-11 19:19:15 error: GET /api/v1/settings/me: Not authorized to access this route : errrTokenExpiredError: jwt expired
Error: Not authorized to access this route : errrTokenExpiredError: jwt expired
    at /home/ian-otieno-ochieng/Desktop/work/full-stack-react-node/apps/backend/src/middleware/auth.ts:47:9
    at /home/ian-otieno-ochieng/Desktop/work/full-stack-react-node/apps/backend/src/middleware/async.ts:8:21
    at Layer.handle [as handle_request] (/home/ian-otieno-ochieng/Desktop/work/full-stack-react-node/node_modules/express/lib/router/layer.js:95:5)
    at trim_prefix (/home/ian-otieno-ochieng/Desktop/work/full-stack-react-node/node_modules/express/lib/router/index.js:328:13)
    at /home/ian-otieno-ochieng/Desktop/work/full-stack-react-node/node_modules/express/lib/router/index.js:286:9
    at Function.process_params (/home/ian-otieno-ochieng/Desktop/work/full-stack-react-node/node_modules/express/lib/router/index.js:346:12)
    at next (/home/ian-otieno-ochieng/Desktop/work/full-stack-react-node/node_modules/express/lib/router/index.js:280:10)
    at Function.handle (/home/ian-otieno-ochieng/Desktop/work/full-stack-react-node/node_modules/express/lib/router/index.js:175:3)
    at router (/home/ian-otieno-ochieng/Desktop/work/full-stack-react-node/node_modules/express/lib/router/index.js:47:12)
    at Layer.handle [as handle_request] (/home/ian-otieno-ochieng/Desktop/work/full-stack-react-node/node_modules/express/lib/router/layer.js:95:5)
2025-04-11 19:19:15 error: GET /api/v1/auth/me: Not authorized to access this route : errrTokenExpiredError: jwt expired
Error: Not authorized to access this route : errrTokenExpiredError: jwt expired
    at /home/ian-otieno-ochieng/Desktop/work/full-stack-react-node/apps/backend/src/middleware/auth.ts:47:9
    at /home/ian-otieno-ochieng/Desktop/work/full-stack-react-node/apps/backend/src/middleware/async.ts:8:21
    at Layer.handle [as handle_request] (/home/ian-otieno-ochieng/Desktop/work/full-stack-react-node/node_modules/express/lib/router/layer.js:95:5)
    at trim_prefix (/home/ian-otieno-ochieng/Desktop/work/full-stack-react-node/node_modules/express/lib/router/index.js:328:13)
    at /home/ian-otieno-ochieng/Desktop/work/full-stack-react-node/node_modules/express/lib/router/index.js:286:9
    at Function.process_params (/home/ian-otieno-ochieng/Desktop/work/full-stack-react-node/node_modules/express/lib/router/index.js:346:12)
    at next (/home/ian-otieno-ochieng/Desktop/work/full-stack-react-node/node_modules/express/lib/router/index.js:280:10)
    at Function.handle (/home/ian-otieno-ochieng/Desktop/work/full-stack-react-node/node_modules/express/lib/router/index.js:175:3)
    at router (/home/ian-otieno-ochieng/Desktop/work/full-stack-react-node/node_modules/express/lib/router/index.js:47:12)
    at Layer.handle [as handle_request] (/home/ian-otieno-ochieng/Desktop/work/full-stack-react-node/node_modules/express/lib/router/layer.js:95:5)
2025-04-11 19:19:15 error: GET /api/v1/settings/me: Not authorized to access this route : errrTokenExpiredError: jwt expired
Error: Not authorized to access this route : errrTokenExpiredError: jwt expired
    at /home/ian-otieno-ochieng/Desktop/work/full-stack-react-node/apps/backend/src/middleware/auth.ts:47:9
    at /home/ian-otieno-ochieng/Desktop/work/full-stack-react-node/apps/backend/src/middleware/async.ts:8:21
    at Layer.handle [as handle_request] (/home/ian-otieno-ochieng/Desktop/work/full-stack-react-node/node_modules/express/lib/router/layer.js:95:5)
    at trim_prefix (/home/ian-otieno-ochieng/Desktop/work/full-stack-react-node/node_modules/express/lib/router/index.js:328:13)
    at /home/ian-otieno-ochieng/Desktop/work/full-stack-react-node/node_modules/express/lib/router/index.js:286:9
    at Function.process_params (/home/ian-otieno-ochieng/Desktop/work/full-stack-react-node/node_modules/express/lib/router/index.js:346:12)
    at next (/home/ian-otieno-ochieng/Desktop/work/full-stack-react-node/node_modules/express/lib/router/index.js:280:10)
    at Function.handle (/home/ian-otieno-ochieng/Desktop/work/full-stack-react-node/node_modules/express/lib/router/index.js:175:3)
    at router (/home/ian-otieno-ochieng/Desktop/work/full-stack-react-node/node_modules/express/lib/router/index.js:47:12)
    at Layer.handle [as handle_request] (/home/ian-otieno-ochieng/Desktop/work/full-stack-react-node/node_modules/express/lib/router/layer.js:95:5)
2025-04-11 19:19:15 error: GET /api/v1/auth/me: Not authorized to access this route : errrTokenExpiredError: jwt expired
Error: Not authorized to access this route : errrTokenExpiredError: jwt expired
    at /home/ian-otieno-ochieng/Desktop/work/full-stack-react-node/apps/backend/src/middleware/auth.ts:47:9
    at /home/ian-otieno-ochieng/Desktop/work/full-stack-react-node/apps/backend/src/middleware/async.ts:8:21
    at Layer.handle [as handle_request] (/home/ian-otieno-ochieng/Desktop/work/full-stack-react-node/node_modules/express/lib/router/layer.js:95:5)
    at trim_prefix (/home/ian-otieno-ochieng/Desktop/work/full-stack-react-node/node_modules/express/lib/router/index.js:328:13)
    at /home/ian-otieno-ochieng/Desktop/work/full-stack-react-node/node_modules/express/lib/router/index.js:286:9
    at Function.process_params (/home/ian-otieno-ochieng/Desktop/work/full-stack-react-node/node_modules/express/lib/router/index.js:346:12)
    at next (/home/ian-otieno-ochieng/Desktop/work/full-stack-react-node/node_modules/express/lib/router/index.js:280:10)
    at Function.handle (/home/ian-otieno-ochieng/Desktop/work/full-stack-react-node/node_modules/express/lib/router/index.js:175:3)
    at router (/home/ian-otieno-ochieng/Desktop/work/full-stack-react-node/node_modules/express/lib/router/index.js:47:12)
    at Layer.handle [as handle_request] (/home/ian-otieno-ochieng/Desktop/work/full-stack-react-node/node_modules/express/lib/router/layer.js:95:5)
2025-04-11 19:19:15 error: GET /api/v1/settings/me: Not authorized to access this route : errrTokenExpiredError: jwt expired
Error: Not authorized to access this route : errrTokenExpiredError: jwt expired
    at /home/ian-otieno-ochieng/Desktop/work/full-stack-react-node/apps/backend/src/middleware/auth.ts:47:9
    at /home/ian-otieno-ochieng/Desktop/work/full-stack-react-node/apps/backend/src/middleware/async.ts:8:21
    at Layer.handle [as handle_request] (/home/ian-otieno-ochieng/Desktop/work/full-stack-react-node/node_modules/express/lib/router/layer.js:95:5)
    at trim_prefix (/home/ian-otieno-ochieng/Desktop/work/full-stack-react-node/node_modules/express/lib/router/index.js:328:13)
    at /home/ian-otieno-ochieng/Desktop/work/full-stack-react-node/node_modules/express/lib/router/index.js:286:9
    at Function.process_params (/home/ian-otieno-ochieng/Desktop/work/full-stack-react-node/node_modules/express/lib/router/index.js:346:12)
    at next (/home/ian-otieno-ochieng/Desktop/work/full-stack-react-node/node_modules/express/lib/router/index.js:280:10)
    at Function.handle (/home/ian-otieno-ochieng/Desktop/work/full-stack-react-node/node_modules/express/lib/router/index.js:175:3)
    at router (/home/ian-otieno-ochieng/Desktop/work/full-stack-react-node/node_modules/express/lib/router/index.js:47:12)
    at Layer.handle [as handle_request] (/home/ian-otieno-ochieng/Desktop/work/full-stack-react-node/node_modules/express/lib/router/layer.js:95:5)
2025-04-11 19:19:15 error: GET /api/v1/auth/me: Not authorized to access this route : errrTokenExpiredError: jwt expired
Error: Not authorized to access this route : errrTokenExpiredError: jwt expired
    at /home/ian-otieno-ochieng/Desktop/work/full-stack-react-node/apps/backend/src/middleware/auth.ts:47:9
    at /home/ian-otieno-ochieng/Desktop/work/full-stack-react-node/apps/backend/src/middleware/async.ts:8:21
    at Layer.handle [as handle_request] (/home/ian-otieno-ochieng/Desktop/work/full-stack-react-node/node_modules/express/lib/router/layer.js:95:5)
    at trim_prefix (/home/ian-otieno-ochieng/Desktop/work/full-stack-react-node/node_modules/express/lib/router/index.js:328:13)
    at /home/ian-otieno-ochieng/Desktop/work/full-stack-react-node/node_modules/express/lib/router/index.js:286:9
    at Function.process_params (/home/ian-otieno-ochieng/Desktop/work/full-stack-react-node/node_modules/express/lib/router/index.js:346:12)
    at next (/home/ian-otieno-ochieng/Desktop/work/full-stack-react-node/node_modules/express/lib/router/index.js:280:10)
    at Function.handle (/home/ian-otieno-ochieng/Desktop/work/full-stack-react-node/node_modules/express/lib/router/index.js:175:3)
    at router (/home/ian-otieno-ochieng/Desktop/work/full-stack-react-node/node_modules/express/lib/router/index.js:47:12)
    at Layer.handle [as handle_request] (/home/ian-otieno-ochieng/Desktop/work/full-stack-react-node/node_modules/express/lib/router/layer.js:95:5)
2025-04-11 19:19:33 info: User log in - 67f1604e3f97b5846f57f692
2025-04-11 19:19:48 info: User settings updated - 67f1604e3f97b5846f57f692
2025-04-11 19:22:24 info: Server running in development mode on port 5000
2025-04-11 19:22:28 info: User settings updated - 67f1604e3f97b5846f57f692
2025-04-11 19:23:12 info: User settings updated - 67f1604e3f97b5846f57f692
2025-04-11 19:23:25 info: User settings updated - 67f1604e3f97b5846f57f692
2025-04-11 19:24:12 info: User settings updated - 67f1604e3f97b5846f57f692
2025-04-11 19:24:41 info: User settings updated - 67f1604e3f97b5846f57f692
2025-04-11 19:27:02 info: User settings updated - 67f1604e3f97b5846f57f692
2025-04-11 19:27:33 info: User settings updated - 67f1604e3f97b5846f57f692
2025-04-11 19:28:00 info: User settings updated - 67f1604e3f97b5846f57f692
2025-04-11 19:41:09 info: User settings updated - 67f1604e3f97b5846f57f692
2025-04-11 19:41:37 error: PATCH /api/v1/settings/updatedetails: Validation failed: cardTemplate: `minimal` is not a valid enum value for path `cardTemplate`.
ValidationError: Validation failed: cardTemplate: `minimal` is not a valid enum value for path `cardTemplate`.
    at _done (/home/ian-otieno-ochieng/Desktop/work/full-stack-react-node/apps/backend/node_modules/mongoose/lib/helpers/updateValidators.js:228:19)
    at /home/ian-otieno-ochieng/Desktop/work/full-stack-react-node/apps/backend/node_modules/mongoose/lib/helpers/updateValidators.js:204:11
    at schemaPath.doValidate.updateValidator (/home/ian-otieno-ochieng/Desktop/work/full-stack-react-node/apps/backend/node_modules/mongoose/lib/helpers/updateValidators.js:162:13)
    at /home/ian-otieno-ochieng/Desktop/work/full-stack-react-node/apps/backend/node_modules/mongoose/lib/schematype.js:1360:11
    at processTicksAndRejections (node:internal/process/task_queues:85:11)
2025-04-11 19:42:56 info: User settings updated - 67f1604e3f97b5846f57f692
2025-04-11 19:43:11 info: User settings updated - 67f1604e3f97b5846f57f692
2025-04-11 19:43:27 info: User settings updated - 67f1604e3f97b5846f57f692
2025-04-11 22:58:35 error: GET /api/v1/auth/me: Not authorized to access this route : errrTokenExpiredError: jwt expired
Error: Not authorized to access this route : errrTokenExpiredError: jwt expired
    at /home/ian-otieno-ochieng/Desktop/work/full-stack-react-node/apps/backend/src/middleware/auth.ts:47:9
    at /home/ian-otieno-ochieng/Desktop/work/full-stack-react-node/apps/backend/src/middleware/async.ts:8:21
    at Layer.handle [as handle_request] (/home/ian-otieno-ochieng/Desktop/work/full-stack-react-node/node_modules/express/lib/router/layer.js:95:5)
    at trim_prefix (/home/ian-otieno-ochieng/Desktop/work/full-stack-react-node/node_modules/express/lib/router/index.js:328:13)
    at /home/ian-otieno-ochieng/Desktop/work/full-stack-react-node/node_modules/express/lib/router/index.js:286:9
    at Function.process_params (/home/ian-otieno-ochieng/Desktop/work/full-stack-react-node/node_modules/express/lib/router/index.js:346:12)
    at next (/home/ian-otieno-ochieng/Desktop/work/full-stack-react-node/node_modules/express/lib/router/index.js:280:10)
    at Function.handle (/home/ian-otieno-ochieng/Desktop/work/full-stack-react-node/node_modules/express/lib/router/index.js:175:3)
    at router (/home/ian-otieno-ochieng/Desktop/work/full-stack-react-node/node_modules/express/lib/router/index.js:47:12)
    at Layer.handle [as handle_request] (/home/ian-otieno-ochieng/Desktop/work/full-stack-react-node/node_modules/express/lib/router/layer.js:95:5)
2025-04-11 22:58:35 error: GET /api/v1/auth/me: Not authorized to access this route : errrTokenExpiredError: jwt expired
Error: Not authorized to access this route : errrTokenExpiredError: jwt expired
    at /home/ian-otieno-ochieng/Desktop/work/full-stack-react-node/apps/backend/src/middleware/auth.ts:47:9
    at /home/ian-otieno-ochieng/Desktop/work/full-stack-react-node/apps/backend/src/middleware/async.ts:8:21
    at Layer.handle [as handle_request] (/home/ian-otieno-ochieng/Desktop/work/full-stack-react-node/node_modules/express/lib/router/layer.js:95:5)
    at trim_prefix (/home/ian-otieno-ochieng/Desktop/work/full-stack-react-node/node_modules/express/lib/router/index.js:328:13)
    at /home/ian-otieno-ochieng/Desktop/work/full-stack-react-node/node_modules/express/lib/router/index.js:286:9
    at Function.process_params (/home/ian-otieno-ochieng/Desktop/work/full-stack-react-node/node_modules/express/lib/router/index.js:346:12)
    at next (/home/ian-otieno-ochieng/Desktop/work/full-stack-react-node/node_modules/express/lib/router/index.js:280:10)
    at Function.handle (/home/ian-otieno-ochieng/Desktop/work/full-stack-react-node/node_modules/express/lib/router/index.js:175:3)
    at router (/home/ian-otieno-ochieng/Desktop/work/full-stack-react-node/node_modules/express/lib/router/index.js:47:12)
    at Layer.handle [as handle_request] (/home/ian-otieno-ochieng/Desktop/work/full-stack-react-node/node_modules/express/lib/router/layer.js:95:5)
2025-04-11 22:58:38 error: GET /api/v1/settings/me: Not authorized to access this route : errrTokenExpiredError: jwt expired
Error: Not authorized to access this route : errrTokenExpiredError: jwt expired
    at /home/ian-otieno-ochieng/Desktop/work/full-stack-react-node/apps/backend/src/middleware/auth.ts:47:9
    at /home/ian-otieno-ochieng/Desktop/work/full-stack-react-node/apps/backend/src/middleware/async.ts:8:21
    at Layer.handle [as handle_request] (/home/ian-otieno-ochieng/Desktop/work/full-stack-react-node/node_modules/express/lib/router/layer.js:95:5)
    at trim_prefix (/home/ian-otieno-ochieng/Desktop/work/full-stack-react-node/node_modules/express/lib/router/index.js:328:13)
    at /home/ian-otieno-ochieng/Desktop/work/full-stack-react-node/node_modules/express/lib/router/index.js:286:9
    at Function.process_params (/home/ian-otieno-ochieng/Desktop/work/full-stack-react-node/node_modules/express/lib/router/index.js:346:12)
    at next (/home/ian-otieno-ochieng/Desktop/work/full-stack-react-node/node_modules/express/lib/router/index.js:280:10)
    at Function.handle (/home/ian-otieno-ochieng/Desktop/work/full-stack-react-node/node_modules/express/lib/router/index.js:175:3)
    at router (/home/ian-otieno-ochieng/Desktop/work/full-stack-react-node/node_modules/express/lib/router/index.js:47:12)
    at Layer.handle [as handle_request] (/home/ian-otieno-ochieng/Desktop/work/full-stack-react-node/node_modules/express/lib/router/layer.js:95:5)
2025-04-11 22:58:38 error: GET /api/v1/auth/me: Not authorized to access this route : errrTokenExpiredError: jwt expired
Error: Not authorized to access this route : errrTokenExpiredError: jwt expired
    at /home/ian-otieno-ochieng/Desktop/work/full-stack-react-node/apps/backend/src/middleware/auth.ts:47:9
    at /home/ian-otieno-ochieng/Desktop/work/full-stack-react-node/apps/backend/src/middleware/async.ts:8:21
    at Layer.handle [as handle_request] (/home/ian-otieno-ochieng/Desktop/work/full-stack-react-node/node_modules/express/lib/router/layer.js:95:5)
    at trim_prefix (/home/ian-otieno-ochieng/Desktop/work/full-stack-react-node/node_modules/express/lib/router/index.js:328:13)
    at /home/ian-otieno-ochieng/Desktop/work/full-stack-react-node/node_modules/express/lib/router/index.js:286:9
    at Function.process_params (/home/ian-otieno-ochieng/Desktop/work/full-stack-react-node/node_modules/express/lib/router/index.js:346:12)
    at next (/home/ian-otieno-ochieng/Desktop/work/full-stack-react-node/node_modules/express/lib/router/index.js:280:10)
    at Function.handle (/home/ian-otieno-ochieng/Desktop/work/full-stack-react-node/node_modules/express/lib/router/index.js:175:3)
    at router (/home/ian-otieno-ochieng/Desktop/work/full-stack-react-node/node_modules/express/lib/router/index.js:47:12)
    at Layer.handle [as handle_request] (/home/ian-otieno-ochieng/Desktop/work/full-stack-react-node/node_modules/express/lib/router/layer.js:95:5)
2025-04-11 22:58:38 error: GET /api/v1/settings/me: Not authorized to access this route : errrTokenExpiredError: jwt expired
Error: Not authorized to access this route : errrTokenExpiredError: jwt expired
    at /home/ian-otieno-ochieng/Desktop/work/full-stack-react-node/apps/backend/src/middleware/auth.ts:47:9
    at /home/ian-otieno-ochieng/Desktop/work/full-stack-react-node/apps/backend/src/middleware/async.ts:8:21
    at Layer.handle [as handle_request] (/home/ian-otieno-ochieng/Desktop/work/full-stack-react-node/node_modules/express/lib/router/layer.js:95:5)
    at trim_prefix (/home/ian-otieno-ochieng/Desktop/work/full-stack-react-node/node_modules/express/lib/router/index.js:328:13)
    at /home/ian-otieno-ochieng/Desktop/work/full-stack-react-node/node_modules/express/lib/router/index.js:286:9
    at Function.process_params (/home/ian-otieno-ochieng/Desktop/work/full-stack-react-node/node_modules/express/lib/router/index.js:346:12)
    at next (/home/ian-otieno-ochieng/Desktop/work/full-stack-react-node/node_modules/express/lib/router/index.js:280:10)
    at Function.handle (/home/ian-otieno-ochieng/Desktop/work/full-stack-react-node/node_modules/express/lib/router/index.js:175:3)
    at router (/home/ian-otieno-ochieng/Desktop/work/full-stack-react-node/node_modules/express/lib/router/index.js:47:12)
    at Layer.handle [as handle_request] (/home/ian-otieno-ochieng/Desktop/work/full-stack-react-node/node_modules/express/lib/router/layer.js:95:5)
2025-04-11 22:58:38 error: GET /api/v1/auth/me: Not authorized to access this route : errrTokenExpiredError: jwt expired
Error: Not authorized to access this route : errrTokenExpiredError: jwt expired
    at /home/ian-otieno-ochieng/Desktop/work/full-stack-react-node/apps/backend/src/middleware/auth.ts:47:9
    at /home/ian-otieno-ochieng/Desktop/work/full-stack-react-node/apps/backend/src/middleware/async.ts:8:21
    at Layer.handle [as handle_request] (/home/ian-otieno-ochieng/Desktop/work/full-stack-react-node/node_modules/express/lib/router/layer.js:95:5)
    at trim_prefix (/home/ian-otieno-ochieng/Desktop/work/full-stack-react-node/node_modules/express/lib/router/index.js:328:13)
    at /home/ian-otieno-ochieng/Desktop/work/full-stack-react-node/node_modules/express/lib/router/index.js:286:9
    at Function.process_params (/home/ian-otieno-ochieng/Desktop/work/full-stack-react-node/node_modules/express/lib/router/index.js:346:12)
    at next (/home/ian-otieno-ochieng/Desktop/work/full-stack-react-node/node_modules/express/lib/router/index.js:280:10)
    at Function.handle (/home/ian-otieno-ochieng/Desktop/work/full-stack-react-node/node_modules/express/lib/router/index.js:175:3)
    at router (/home/ian-otieno-ochieng/Desktop/work/full-stack-react-node/node_modules/express/lib/router/index.js:47:12)
    at Layer.handle [as handle_request] (/home/ian-otieno-ochieng/Desktop/work/full-stack-react-node/node_modules/express/lib/router/layer.js:95:5)
2025-04-11 22:58:38 error: GET /api/v1/settings/me: Not authorized to access this route : errrTokenExpiredError: jwt expired
Error: Not authorized to access this route : errrTokenExpiredError: jwt expired
    at /home/ian-otieno-ochieng/Desktop/work/full-stack-react-node/apps/backend/src/middleware/auth.ts:47:9
    at /home/ian-otieno-ochieng/Desktop/work/full-stack-react-node/apps/backend/src/middleware/async.ts:8:21
    at Layer.handle [as handle_request] (/home/ian-otieno-ochieng/Desktop/work/full-stack-react-node/node_modules/express/lib/router/layer.js:95:5)
    at trim_prefix (/home/ian-otieno-ochieng/Desktop/work/full-stack-react-node/node_modules/express/lib/router/index.js:328:13)
    at /home/ian-otieno-ochieng/Desktop/work/full-stack-react-node/node_modules/express/lib/router/index.js:286:9
    at Function.process_params (/home/ian-otieno-ochieng/Desktop/work/full-stack-react-node/node_modules/express/lib/router/index.js:346:12)
    at next (/home/ian-otieno-ochieng/Desktop/work/full-stack-react-node/node_modules/express/lib/router/index.js:280:10)
    at Function.handle (/home/ian-otieno-ochieng/Desktop/work/full-stack-react-node/node_modules/express/lib/router/index.js:175:3)
    at router (/home/ian-otieno-ochieng/Desktop/work/full-stack-react-node/node_modules/express/lib/router/index.js:47:12)
    at Layer.handle [as handle_request] (/home/ian-otieno-ochieng/Desktop/work/full-stack-react-node/node_modules/express/lib/router/layer.js:95:5)
2025-04-11 22:58:38 error: GET /api/v1/auth/me: Not authorized to access this route : errrTokenExpiredError: jwt expired
Error: Not authorized to access this route : errrTokenExpiredError: jwt expired
    at /home/ian-otieno-ochieng/Desktop/work/full-stack-react-node/apps/backend/src/middleware/auth.ts:47:9
    at /home/ian-otieno-ochieng/Desktop/work/full-stack-react-node/apps/backend/src/middleware/async.ts:8:21
    at Layer.handle [as handle_request] (/home/ian-otieno-ochieng/Desktop/work/full-stack-react-node/node_modules/express/lib/router/layer.js:95:5)
    at trim_prefix (/home/ian-otieno-ochieng/Desktop/work/full-stack-react-node/node_modules/express/lib/router/index.js:328:13)
    at /home/ian-otieno-ochieng/Desktop/work/full-stack-react-node/node_modules/express/lib/router/index.js:286:9
    at Function.process_params (/home/ian-otieno-ochieng/Desktop/work/full-stack-react-node/node_modules/express/lib/router/index.js:346:12)
    at next (/home/ian-otieno-ochieng/Desktop/work/full-stack-react-node/node_modules/express/lib/router/index.js:280:10)
    at Function.handle (/home/ian-otieno-ochieng/Desktop/work/full-stack-react-node/node_modules/express/lib/router/index.js:175:3)
    at router (/home/ian-otieno-ochieng/Desktop/work/full-stack-react-node/node_modules/express/lib/router/index.js:47:12)
    at Layer.handle [as handle_request] (/home/ian-otieno-ochieng/Desktop/work/full-stack-react-node/node_modules/express/lib/router/layer.js:95:5)
2025-04-11 22:59:45 info: User log in - 67f1604e3f97b5846f57f692
2025-04-11 23:16:51 info: User log in - 67f1604e3f97b5846f57f692
